<?xml version="1.0" encoding="UTF-8"?>
<testsuite name="org.apache.ofbiz.base.util.UtilCodecTests" tests="5" skipped="0" failures="0" errors="0" timestamp="2020-01-17T03:47:34" hostname="L-TPP52-01" time="0.081">
  <properties/>
  <testcase name="testGetEncoder" classname="org.apache.ofbiz.base.util.UtilCodecTests" time="0.048"/>
  <testcase name="checkStringForHtmlStrictNoneDetectsXSS" classname="org.apache.ofbiz.base.util.UtilCodecTests" time="0.006"/>
  <testcase name="canonicalizeRevealsEscapedXSS" classname="org.apache.ofbiz.base.util.UtilCodecTests" time="0.0"/>
  <testcase name="testCheckStringForHtmlStrictNone" classname="org.apache.ofbiz.base.util.UtilCodecTests" time="0.007"/>
  <testcase name="testCheckStringForHtmlSafe" classname="org.apache.ofbiz.base.util.UtilCodecTests" time="0.02"/>
  <system-out><![CDATA[19:47:34.462 [Test worker] ERROR org.apache.ofbiz.base.util.UtilCodec - Canonicalization (format consistency, character escaping that is mixed or double, etc) error for attribute named [double-encoding], String [%2%353Cscript]: org.apache.ofbiz.base.util.UtilCodec$IntrusionException: Input validation failure
]]></system-out>
  <system-err><![CDATA[]]></system-err>
</testsuite>
